2021-01-07 15:44:19,109 INFO    MainThread:2140 [internal.py:wandb_internal():63] W&B internal server running at pid: 2140
2021-01-07 15:44:19,111 INFO    WriterThread:2140 [datastore.py:open_for_write():76] open: /home/spandalfderweisse/yolact/wandb/offline-run-20210107_154418-run_data_squished_93fe/run-run_data_squished_93fe.wandb
2021-01-07 15:44:19,112 DEBUG   HandlerThread:2140 [handler.py:handle_request():55] handle_request: run_start
2021-01-07 15:44:19,123 DEBUG   HandlerThread:2140 [cmd.py:execute():719] Popen(['git', 'cat-file', '--batch-check'], cwd=/home/spandalfderweisse/yolact, universal_newlines=False, shell=None, istream=<valid stream>)
2021-01-07 15:44:19,130 DEBUG   HandlerThread:2140 [cmd.py:execute():719] Popen(['git', 'rev-parse', '--show-toplevel'], cwd=/home/spandalfderweisse/yolact, universal_newlines=False, shell=None, istream=None)
2021-01-07 17:59:43,749 DEBUG   HandlerThread:2140 [handler.py:handle_request():55] handle_request: poll_exit
2021-01-07 17:59:43,749 DEBUG   SenderThread:2140 [sender.py:send():90] send: exit
2021-01-07 17:59:43,749 INFO    SenderThread:2140 [sender.py:send_exit():168] handling exit code: 0
2021-01-07 17:59:43,749 INFO    SenderThread:2140 [sender.py:send_exit():176] send defer
2021-01-07 17:59:43,750 DEBUG   SenderThread:2140 [sender.py:send():90] send: request
2021-01-07 17:59:43,750 DEBUG   SenderThread:2140 [sender.py:send_request():99] send_request: poll_exit
2021-01-07 17:59:43,750 DEBUG   HandlerThread:2140 [handler.py:handle_request():55] handle_request: defer
2021-01-07 17:59:43,750 INFO    HandlerThread:2140 [handler.py:handle_request_defer():69] handle defer: 0
2021-01-07 17:59:43,750 DEBUG   SenderThread:2140 [sender.py:send():90] send: request
2021-01-07 17:59:43,750 DEBUG   SenderThread:2140 [sender.py:send_request():99] send_request: defer
2021-01-07 17:59:43,750 INFO    SenderThread:2140 [sender.py:send_request_defer():185] handle sender defer: 0
2021-01-07 17:59:43,750 INFO    SenderThread:2140 [sender.py:send_request_defer():221] send defer: 1
2021-01-07 17:59:43,751 DEBUG   HandlerThread:2140 [handler.py:handle_request():55] handle_request: defer
2021-01-07 17:59:43,751 INFO    HandlerThread:2140 [handler.py:handle_request_defer():69] handle defer: 1
2021-01-07 17:59:43,830 DEBUG   SenderThread:2140 [sender.py:send():90] send: request
2021-01-07 17:59:43,830 DEBUG   SenderThread:2140 [sender.py:send_request():99] send_request: defer
2021-01-07 17:59:43,830 INFO    SenderThread:2140 [sender.py:send_request_defer():185] handle sender defer: 1
2021-01-07 17:59:43,830 INFO    SenderThread:2140 [sender.py:send_request_defer():221] send defer: 2
2021-01-07 17:59:43,831 DEBUG   HandlerThread:2140 [handler.py:handle_request():55] handle_request: defer
2021-01-07 17:59:43,831 INFO    HandlerThread:2140 [handler.py:handle_request_defer():69] handle defer: 2
2021-01-07 17:59:43,831 DEBUG   SenderThread:2140 [sender.py:send():90] send: request
2021-01-07 17:59:43,831 DEBUG   SenderThread:2140 [sender.py:send_request():99] send_request: defer
2021-01-07 17:59:43,831 INFO    SenderThread:2140 [sender.py:send_request_defer():185] handle sender defer: 2
2021-01-07 17:59:43,831 INFO    SenderThread:2140 [sender.py:send_request_defer():221] send defer: 3
2021-01-07 17:59:43,832 DEBUG   HandlerThread:2140 [handler.py:handle_request():55] handle_request: defer
2021-01-07 17:59:43,832 INFO    HandlerThread:2140 [handler.py:handle_request_defer():69] handle defer: 3
2021-01-07 17:59:43,846 DEBUG   SenderThread:2140 [sender.py:send():90] send: request
2021-01-07 17:59:43,846 DEBUG   SenderThread:2140 [sender.py:send_request():99] send_request: defer
2021-01-07 17:59:43,846 INFO    SenderThread:2140 [sender.py:send_request_defer():185] handle sender defer: 3
2021-01-07 17:59:43,846 INFO    SenderThread:2140 [sender.py:send_request_defer():221] send defer: 4
2021-01-07 17:59:43,847 DEBUG   HandlerThread:2140 [handler.py:handle_request():55] handle_request: defer
2021-01-07 17:59:43,847 INFO    HandlerThread:2140 [handler.py:handle_request_defer():69] handle defer: 4
2021-01-07 17:59:43,847 DEBUG   SenderThread:2140 [sender.py:send():90] send: request
2021-01-07 17:59:43,847 DEBUG   SenderThread:2140 [sender.py:send_request():99] send_request: defer
2021-01-07 17:59:43,847 INFO    SenderThread:2140 [sender.py:send_request_defer():185] handle sender defer: 4
2021-01-07 17:59:43,847 INFO    SenderThread:2140 [sender.py:send_request_defer():221] send defer: 5
2021-01-07 17:59:43,847 DEBUG   HandlerThread:2140 [handler.py:handle_request():55] handle_request: defer
2021-01-07 17:59:43,847 INFO    HandlerThread:2140 [handler.py:handle_request_defer():69] handle defer: 5
2021-01-07 17:59:43,848 DEBUG   SenderThread:2140 [sender.py:send():90] send: request
2021-01-07 17:59:43,848 DEBUG   SenderThread:2140 [sender.py:send_request():99] send_request: defer
2021-01-07 17:59:43,848 INFO    SenderThread:2140 [sender.py:send_request_defer():185] handle sender defer: 5
2021-01-07 17:59:43,848 INFO    SenderThread:2140 [sender.py:send_request_defer():221] send defer: 6
2021-01-07 17:59:43,848 DEBUG   HandlerThread:2140 [handler.py:handle_request():55] handle_request: defer
2021-01-07 17:59:43,848 INFO    HandlerThread:2140 [handler.py:handle_request_defer():69] handle defer: 6
2021-01-07 17:59:43,848 DEBUG   SenderThread:2140 [sender.py:send():90] send: request
2021-01-07 17:59:43,849 DEBUG   SenderThread:2140 [sender.py:send_request():99] send_request: defer
2021-01-07 17:59:43,849 INFO    SenderThread:2140 [sender.py:send_request_defer():185] handle sender defer: 6
2021-01-07 17:59:43,849 INFO    SenderThread:2140 [sender.py:send_request_defer():221] send defer: 7
2021-01-07 17:59:43,849 DEBUG   HandlerThread:2140 [handler.py:handle_request():55] handle_request: defer
2021-01-07 17:59:43,849 INFO    HandlerThread:2140 [handler.py:handle_request_defer():69] handle defer: 7
2021-01-07 17:59:43,849 DEBUG   SenderThread:2140 [sender.py:send():90] send: request
2021-01-07 17:59:43,849 DEBUG   SenderThread:2140 [sender.py:send_request():99] send_request: defer
2021-01-07 17:59:43,849 INFO    SenderThread:2140 [sender.py:send_request_defer():185] handle sender defer: 7
2021-01-07 17:59:43,849 INFO    SenderThread:2140 [sender.py:send_request_defer():221] send defer: 8
2021-01-07 17:59:43,850 DEBUG   SenderThread:2140 [sender.py:send():90] send: final
2021-01-07 17:59:43,850 DEBUG   HandlerThread:2140 [handler.py:handle_request():55] handle_request: defer
2021-01-07 17:59:43,850 INFO    HandlerThread:2140 [handler.py:handle_request_defer():69] handle defer: 8
2021-01-07 17:59:43,850 DEBUG   SenderThread:2140 [sender.py:send():90] send: request
2021-01-07 17:59:43,850 DEBUG   SenderThread:2140 [sender.py:send_request():99] send_request: defer
2021-01-07 17:59:43,850 INFO    SenderThread:2140 [sender.py:send_request_defer():185] handle sender defer: 8
2021-01-07 17:59:45,753 DEBUG   HandlerThread:2140 [handler.py:handle_request():55] handle_request: poll_exit
2021-01-07 17:59:45,754 DEBUG   SenderThread:2140 [sender.py:send():90] send: request
2021-01-07 17:59:45,754 DEBUG   SenderThread:2140 [sender.py:send_request():99] send_request: poll_exit
2021-01-07 17:59:45,755 DEBUG   HandlerThread:2140 [handler.py:handle_request():55] handle_request: get_summary
2021-01-07 17:59:45,780 DEBUG   HandlerThread:2140 [handler.py:handle_request():55] handle_request: sampled_history
2021-01-07 17:59:45,784 DEBUG   HandlerThread:2140 [handler.py:handle_request():55] handle_request: shutdown
2021-01-07 17:59:45,785 INFO    HandlerThread:2140 [handler.py:finish():271] shutting down handler
2021-01-07 17:59:45,851 INFO    WriterThread:2140 [datastore.py:close():257] close: /home/spandalfderweisse/yolact/wandb/offline-run-20210107_154418-run_data_squished_93fe/run-run_data_squished_93fe.wandb
2021-01-07 17:59:46,754 INFO    SenderThread:2140 [sender.py:finish():642] shutting down sender
2021-01-07 17:59:46,756 INFO    MainThread:2140 [internal.py:handle_exit():138] Internal process exited
