2021-01-07 15:44:18,635 INFO    MainThread:2104 [wandb_setup.py:_flush():70] setting env: {'api_key': '394a71acf1f77ccd2c3053411559cb13b305165a', 'mode': 'dryrun'}
2021-01-07 15:44:18,635 INFO    MainThread:2104 [wandb_setup.py:_flush():70] multiprocessing start_methods=fork,spawn,forkserver
2021-01-07 15:44:18,635 INFO    MainThread:2104 [wandb_init.py:_log_setup():303] Logging user logs to /home/spandalfderweisse/yolact/wandb/offline-run-20210107_154418-run_data_squished_93fe/logs/debug.log
2021-01-07 15:44:18,635 INFO    MainThread:2104 [wandb_init.py:_log_setup():304] Logging internal logs to /home/spandalfderweisse/yolact/wandb/offline-run-20210107_154418-run_data_squished_93fe/logs/debug-internal.log
2021-01-07 15:44:19,139 INFO    MainThread:2104 [wandb_run.py:_console_start():1237] atexit reg
2021-01-07 15:44:19,140 INFO    MainThread:2104 [wandb_run.py:_redirect():1104] redirect: SettingsConsole.REDIRECT
2021-01-07 15:44:19,140 INFO    MainThread:2104 [wandb_run.py:_redirect():1107] Redirecting console.
2021-01-07 15:44:19,140 INFO    MainThread:2104 [redirect.py:install():204] install start
2021-01-07 15:44:19,140 INFO    MainThread:2104 [redirect.py:install():219] install stop
2021-01-07 15:44:19,141 INFO    MainThread:2104 [redirect.py:install():204] install start
2021-01-07 15:44:19,141 INFO    MainThread:2104 [redirect.py:install():219] install stop
2021-01-07 15:44:19,141 INFO    MainThread:2104 [wandb_run.py:_redirect():1151] Redirects installed.
2021-01-07 15:44:19,147 INFO    MainThread:2104 [wandb_run.py:_config_callback():549] config_cb None None {'_wandb': {'cli_version': '0.10.12', 'python_version': '3.7.0', 'is_jupyter_run': False, 'is_kaggle_kernel': False, 'framework': 'torch'}, 'batch_size': 8, 'resume': None, 'start_iter': -1, 'num_workers': 4, 'cuda': True, 'lr': None, 'momentum': None, 'decay': None, 'gamma': None, 'save_folder': 'weights/', 'log_folder': 'logs/', 'config': 'yolact_resnet50_custom_car_config', 'save_interval': 1000, 'validation_size': 1328, 'validation_epoch': 1, 'keep_latest': False, 'keep_latest_interval': 100000, 'dataset': None, 'log': True, 'log_gpu': False, 'interrupt': True, 'batch_alloc': None, 'autoscale': True}
2021-01-07 15:44:22,167 INFO    MainThread:2104 [wandb_watch.py:watch():35] Watching
2021-01-07 15:44:22,866 INFO    MainThread:2104 [wandb_run.py:_config_callback():549] config_cb None None {'_wandb': {'cli_version': '0.10.12', 'python_version': '3.7.0', 'is_jupyter_run': False, 'is_kaggle_kernel': False, 'framework': 'torch'}, 'batch_size': 8, 'resume': None, 'start_iter': -1, 'num_workers': 4, 'cuda': True, 'lr': None, 'momentum': None, 'decay': None, 'gamma': None, 'save_folder': 'weights/', 'log_folder': 'logs/', 'config': 'yolact_resnet50_custom_car_config', 'save_interval': 1000, 'validation_size': 1328, 'validation_epoch': 1, 'keep_latest': False, 'keep_latest_interval': 100000, 'dataset': None, 'log': True, 'log_gpu': False, 'interrupt': True, 'batch_alloc': None, 'autoscale': True, 'max_iter': 18750, 'epoch_size': 937, 'num_epochs': 21, 'init_lr': 0.001, 'init_momentum': 0.9, 'init_decay': 0.0005, 'init_lr_steps': [6500, 14000, 16000, 17500], 'pred_aspect_ratios': [[[1, 0.5, 2]], [[1, 0.5, 2]], [[1, 0.5, 2]], [[1, 0.5, 2]], [[1, 0.5, 2]]], 'pred_scales': [[24], [48], [96], [192], [384]]}
2021-01-07 17:59:43,729 INFO    MainThread:2104 [wandb_run.py:_atexit_cleanup():1207] got exitcode: 0
2021-01-07 17:59:43,731 INFO    MainThread:2104 [wandb_run.py:_restore():1179] restore
2021-01-07 17:59:43,731 INFO    MainThread:2104 [redirect.py:uninstall():223] uninstall start
2021-01-07 17:59:43,731 INFO    MainThread:2104 [redirect.py:_stop():278] _stop: stdout
2021-01-07 17:59:43,732 INFO    stdout    :2104 [redirect.py:_pipe_relay():120] relay done saw last write: stdout
2021-01-07 17:59:43,732 INFO    MainThread:2104 [redirect.py:_stop():284] _stop closed: stdout
2021-01-07 17:59:43,732 INFO    stdout    :2104 [redirect.py:_pipe_relay():136] relay done done: stdout
2021-01-07 17:59:43,732 INFO    MainThread:2104 [redirect.py:_stop():290] _stop joined: stdout
2021-01-07 17:59:43,732 INFO    MainThread:2104 [redirect.py:_stop():292] _stop rd closed: stdout
2021-01-07 17:59:43,732 INFO    MainThread:2104 [redirect.py:uninstall():227] uninstall done
2021-01-07 17:59:43,732 INFO    MainThread:2104 [redirect.py:uninstall():223] uninstall start
2021-01-07 17:59:43,732 INFO    MainThread:2104 [redirect.py:_stop():278] _stop: stderr
2021-01-07 17:59:43,732 INFO    MainThread:2104 [redirect.py:_stop():284] _stop closed: stderr
2021-01-07 17:59:43,733 INFO    stderr    :2104 [redirect.py:_pipe_relay():120] relay done saw last write: stderr
2021-01-07 17:59:43,733 INFO    stderr    :2104 [redirect.py:_pipe_relay():136] relay done done: stderr
2021-01-07 17:59:43,733 INFO    MainThread:2104 [redirect.py:_stop():290] _stop joined: stderr
2021-01-07 17:59:43,733 INFO    MainThread:2104 [redirect.py:_stop():292] _stop rd closed: stderr
2021-01-07 17:59:43,733 INFO    MainThread:2104 [redirect.py:uninstall():227] uninstall done
2021-01-07 17:59:43,750 INFO    MainThread:2104 [wandb_run.py:_wait_for_finish():1324] got exit ret: uuid: "38951223460b4ea98e2262aa00078bd9"

2021-01-07 17:59:45,754 INFO    MainThread:2104 [wandb_run.py:_wait_for_finish():1324] got exit ret: uuid: "78a89ec009614806a1a7601bbcf981d4"
response {
  poll_exit_response {
    done: true
    exit_result {
    }
  }
}

2021-01-07 17:59:46,835 INFO    MainThread:2104 [wandb_run.py:_show_summary():1469] rendering summary
2021-01-07 17:59:46,835 INFO    MainThread:2104 [wandb_run.py:_show_history():1507] rendering history
2021-01-07 17:59:46,838 INFO    MainThread:2104 [internal.py:handle_exit():138] Internal process exited
