2021-01-08 12:29:26,197 INFO    MainThread:1630 [wandb_setup.py:_flush():70] setting env: {'api_key': '394a71acf1f77ccd2c3053411559cb13b305165a', 'mode': 'dryrun'}
2021-01-08 12:29:26,197 INFO    MainThread:1630 [wandb_setup.py:_flush():70] multiprocessing start_methods=fork,spawn,forkserver
2021-01-08 12:29:26,197 INFO    MainThread:1630 [wandb_init.py:_log_setup():303] Logging user logs to /home/spandalfderweisse/yolact/wandb/offline-run-20210108_122926-run_data_keep_aspect_f123/logs/debug.log
2021-01-08 12:29:26,197 INFO    MainThread:1630 [wandb_init.py:_log_setup():304] Logging internal logs to /home/spandalfderweisse/yolact/wandb/offline-run-20210108_122926-run_data_keep_aspect_f123/logs/debug-internal.log
2021-01-08 12:29:27,039 INFO    MainThread:1630 [wandb_run.py:_console_start():1237] atexit reg
2021-01-08 12:29:27,040 INFO    MainThread:1630 [wandb_run.py:_redirect():1104] redirect: SettingsConsole.REDIRECT
2021-01-08 12:29:27,040 INFO    MainThread:1630 [wandb_run.py:_redirect():1107] Redirecting console.
2021-01-08 12:29:27,040 INFO    MainThread:1630 [redirect.py:install():204] install start
2021-01-08 12:29:27,041 INFO    MainThread:1630 [redirect.py:install():219] install stop
2021-01-08 12:29:27,041 INFO    MainThread:1630 [redirect.py:install():204] install start
2021-01-08 12:29:27,041 INFO    MainThread:1630 [redirect.py:install():219] install stop
2021-01-08 12:29:27,041 INFO    MainThread:1630 [wandb_run.py:_redirect():1151] Redirects installed.
2021-01-08 12:29:27,244 INFO    MainThread:1630 [wandb_run.py:_config_callback():549] config_cb None None {'_wandb': {'cli_version': '0.10.12', 'python_version': '3.7.0', 'is_jupyter_run': False, 'is_kaggle_kernel': False, 'framework': 'torch'}, 'batch_size': 8, 'resume': None, 'start_iter': -1, 'num_workers': 4, 'cuda': True, 'lr': None, 'momentum': None, 'decay': None, 'gamma': None, 'save_folder': 'weights/', 'log_folder': 'logs/', 'config': 'yolact_resnet50_custom_car_config', 'save_interval': 1000, 'validation_size': 1328, 'validation_epoch': 1, 'keep_latest': True, 'keep_latest_interval': 100000, 'dataset': None, 'log': True, 'log_gpu': False, 'interrupt': True, 'batch_alloc': None, 'autoscale': True}
2021-01-08 12:30:00,132 INFO    MainThread:1630 [wandb_watch.py:watch():35] Watching
2021-01-08 12:30:08,595 INFO    MainThread:1630 [wandb_run.py:_config_callback():549] config_cb None None {'_wandb': {'cli_version': '0.10.12', 'python_version': '3.7.0', 'is_jupyter_run': False, 'is_kaggle_kernel': False, 'framework': 'torch'}, 'batch_size': 8, 'resume': None, 'start_iter': -1, 'num_workers': 4, 'cuda': True, 'lr': None, 'momentum': None, 'decay': None, 'gamma': None, 'save_folder': 'weights/', 'log_folder': 'logs/', 'config': 'yolact_resnet50_custom_car_config', 'save_interval': 1000, 'validation_size': 1328, 'validation_epoch': 1, 'keep_latest': True, 'keep_latest_interval': 100000, 'dataset': None, 'log': True, 'log_gpu': False, 'interrupt': True, 'batch_alloc': None, 'autoscale': True, 'max_iter': 18750, 'epoch_size': 937, 'num_epochs': 21, 'init_lr': 0.001, 'init_momentum': 0.9, 'init_decay': 0.0005, 'init_lr_steps': [6500, 14000, 16000, 17500], 'pred_aspect_ratios': [[[1, 0.5, 2]], [[1, 0.5, 2]], [[1, 0.5, 2]], [[1, 0.5, 2]], [[1, 0.5, 2]]], 'pred_scales': [[24], [48], [96], [192], [384]]}
2021-01-08 12:37:40,358 INFO    MainThread:1630 [wandb_run.py:_config_callback():549] config_cb None None {'_wandb': {'cli_version': '0.10.12', 'python_version': '3.7.0', 'is_jupyter_run': False, 'is_kaggle_kernel': False, 'framework': 'torch'}, 'batch_size': 8, 'resume': None, 'start_iter': -1, 'num_workers': 4, 'cuda': True, 'lr': None, 'momentum': None, 'decay': None, 'gamma': None, 'save_folder': 'weights/', 'log_folder': 'logs/', 'config': 'yolact_resnet50_custom_car_config', 'save_interval': 1000, 'validation_size': 1328, 'validation_epoch': 1, 'keep_latest': True, 'keep_latest_interval': 100000, 'dataset': None, 'log': True, 'log_gpu': False, 'interrupt': True, 'batch_alloc': None, 'autoscale': True, 'max_iter': 18750, 'epoch_size': 937, 'num_epochs': 21, 'init_lr': 0.001, 'init_momentum': 0.9, 'init_decay': 0.0005, 'init_lr_steps': [6500, 14000, 16000, 17500], 'pred_aspect_ratios': [[[1, 0.5, 2]], [[1, 0.5, 2]], [[1, 0.5, 2]], [[1, 0.5, 2]], [[1, 0.5, 2]]], 'pred_scales': [[24], [48], [96], [192], [384]], 'best_mask_mAP': 44.96}
2021-01-08 12:44:45,531 INFO    MainThread:1630 [wandb_run.py:_config_callback():549] config_cb None None {'_wandb': {'cli_version': '0.10.12', 'python_version': '3.7.0', 'is_jupyter_run': False, 'is_kaggle_kernel': False, 'framework': 'torch'}, 'batch_size': 8, 'resume': None, 'start_iter': -1, 'num_workers': 4, 'cuda': True, 'lr': None, 'momentum': None, 'decay': None, 'gamma': None, 'save_folder': 'weights/', 'log_folder': 'logs/', 'config': 'yolact_resnet50_custom_car_config', 'save_interval': 1000, 'validation_size': 1328, 'validation_epoch': 1, 'keep_latest': True, 'keep_latest_interval': 100000, 'dataset': None, 'log': True, 'log_gpu': False, 'interrupt': True, 'batch_alloc': None, 'autoscale': True, 'max_iter': 18750, 'epoch_size': 937, 'num_epochs': 21, 'init_lr': 0.001, 'init_momentum': 0.9, 'init_decay': 0.0005, 'init_lr_steps': [6500, 14000, 16000, 17500], 'pred_aspect_ratios': [[[1, 0.5, 2]], [[1, 0.5, 2]], [[1, 0.5, 2]], [[1, 0.5, 2]], [[1, 0.5, 2]]], 'pred_scales': [[24], [48], [96], [192], [384]], 'best_mask_mAP': 51.81}
2021-01-08 12:51:49,420 INFO    MainThread:1630 [wandb_run.py:_config_callback():549] config_cb None None {'_wandb': {'cli_version': '0.10.12', 'python_version': '3.7.0', 'is_jupyter_run': False, 'is_kaggle_kernel': False, 'framework': 'torch'}, 'batch_size': 8, 'resume': None, 'start_iter': -1, 'num_workers': 4, 'cuda': True, 'lr': None, 'momentum': None, 'decay': None, 'gamma': None, 'save_folder': 'weights/', 'log_folder': 'logs/', 'config': 'yolact_resnet50_custom_car_config', 'save_interval': 1000, 'validation_size': 1328, 'validation_epoch': 1, 'keep_latest': True, 'keep_latest_interval': 100000, 'dataset': None, 'log': True, 'log_gpu': False, 'interrupt': True, 'batch_alloc': None, 'autoscale': True, 'max_iter': 18750, 'epoch_size': 937, 'num_epochs': 21, 'init_lr': 0.001, 'init_momentum': 0.9, 'init_decay': 0.0005, 'init_lr_steps': [6500, 14000, 16000, 17500], 'pred_aspect_ratios': [[[1, 0.5, 2]], [[1, 0.5, 2]], [[1, 0.5, 2]], [[1, 0.5, 2]], [[1, 0.5, 2]]], 'pred_scales': [[24], [48], [96], [192], [384]], 'best_mask_mAP': 52.88}
2021-01-08 13:12:58,311 INFO    MainThread:1630 [wandb_run.py:_config_callback():549] config_cb None None {'_wandb': {'cli_version': '0.10.12', 'python_version': '3.7.0', 'is_jupyter_run': False, 'is_kaggle_kernel': False, 'framework': 'torch'}, 'batch_size': 8, 'resume': None, 'start_iter': -1, 'num_workers': 4, 'cuda': True, 'lr': None, 'momentum': None, 'decay': None, 'gamma': None, 'save_folder': 'weights/', 'log_folder': 'logs/', 'config': 'yolact_resnet50_custom_car_config', 'save_interval': 1000, 'validation_size': 1328, 'validation_epoch': 1, 'keep_latest': True, 'keep_latest_interval': 100000, 'dataset': None, 'log': True, 'log_gpu': False, 'interrupt': True, 'batch_alloc': None, 'autoscale': True, 'max_iter': 18750, 'epoch_size': 937, 'num_epochs': 21, 'init_lr': 0.001, 'init_momentum': 0.9, 'init_decay': 0.0005, 'init_lr_steps': [6500, 14000, 16000, 17500], 'pred_aspect_ratios': [[[1, 0.5, 2]], [[1, 0.5, 2]], [[1, 0.5, 2]], [[1, 0.5, 2]], [[1, 0.5, 2]]], 'pred_scales': [[24], [48], [96], [192], [384]], 'best_mask_mAP': 55.03}
2021-01-08 13:34:10,415 INFO    MainThread:1630 [wandb_run.py:_config_callback():549] config_cb None None {'_wandb': {'cli_version': '0.10.12', 'python_version': '3.7.0', 'is_jupyter_run': False, 'is_kaggle_kernel': False, 'framework': 'torch'}, 'batch_size': 8, 'resume': None, 'start_iter': -1, 'num_workers': 4, 'cuda': True, 'lr': None, 'momentum': None, 'decay': None, 'gamma': None, 'save_folder': 'weights/', 'log_folder': 'logs/', 'config': 'yolact_resnet50_custom_car_config', 'save_interval': 1000, 'validation_size': 1328, 'validation_epoch': 1, 'keep_latest': True, 'keep_latest_interval': 100000, 'dataset': None, 'log': True, 'log_gpu': False, 'interrupt': True, 'batch_alloc': None, 'autoscale': True, 'max_iter': 18750, 'epoch_size': 937, 'num_epochs': 21, 'init_lr': 0.001, 'init_momentum': 0.9, 'init_decay': 0.0005, 'init_lr_steps': [6500, 14000, 16000, 17500], 'pred_aspect_ratios': [[[1, 0.5, 2]], [[1, 0.5, 2]], [[1, 0.5, 2]], [[1, 0.5, 2]], [[1, 0.5, 2]]], 'pred_scales': [[24], [48], [96], [192], [384]], 'best_mask_mAP': 60.14}
2021-01-08 14:02:25,855 INFO    MainThread:1630 [wandb_run.py:_config_callback():549] config_cb None None {'_wandb': {'cli_version': '0.10.12', 'python_version': '3.7.0', 'is_jupyter_run': False, 'is_kaggle_kernel': False, 'framework': 'torch'}, 'batch_size': 8, 'resume': None, 'start_iter': -1, 'num_workers': 4, 'cuda': True, 'lr': None, 'momentum': None, 'decay': None, 'gamma': None, 'save_folder': 'weights/', 'log_folder': 'logs/', 'config': 'yolact_resnet50_custom_car_config', 'save_interval': 1000, 'validation_size': 1328, 'validation_epoch': 1, 'keep_latest': True, 'keep_latest_interval': 100000, 'dataset': None, 'log': True, 'log_gpu': False, 'interrupt': True, 'batch_alloc': None, 'autoscale': True, 'max_iter': 18750, 'epoch_size': 937, 'num_epochs': 21, 'init_lr': 0.001, 'init_momentum': 0.9, 'init_decay': 0.0005, 'init_lr_steps': [6500, 14000, 16000, 17500], 'pred_aspect_ratios': [[[1, 0.5, 2]], [[1, 0.5, 2]], [[1, 0.5, 2]], [[1, 0.5, 2]], [[1, 0.5, 2]]], 'pred_scales': [[24], [48], [96], [192], [384]], 'best_mask_mAP': 60.63}
2021-01-08 14:09:29,851 INFO    MainThread:1630 [wandb_run.py:_config_callback():549] config_cb None None {'_wandb': {'cli_version': '0.10.12', 'python_version': '3.7.0', 'is_jupyter_run': False, 'is_kaggle_kernel': False, 'framework': 'torch'}, 'batch_size': 8, 'resume': None, 'start_iter': -1, 'num_workers': 4, 'cuda': True, 'lr': None, 'momentum': None, 'decay': None, 'gamma': None, 'save_folder': 'weights/', 'log_folder': 'logs/', 'config': 'yolact_resnet50_custom_car_config', 'save_interval': 1000, 'validation_size': 1328, 'validation_epoch': 1, 'keep_latest': True, 'keep_latest_interval': 100000, 'dataset': None, 'log': True, 'log_gpu': False, 'interrupt': True, 'batch_alloc': None, 'autoscale': True, 'max_iter': 18750, 'epoch_size': 937, 'num_epochs': 21, 'init_lr': 0.001, 'init_momentum': 0.9, 'init_decay': 0.0005, 'init_lr_steps': [6500, 14000, 16000, 17500], 'pred_aspect_ratios': [[[1, 0.5, 2]], [[1, 0.5, 2]], [[1, 0.5, 2]], [[1, 0.5, 2]], [[1, 0.5, 2]]], 'pred_scales': [[24], [48], [96], [192], [384]], 'best_mask_mAP': 60.86}
2021-01-08 14:56:07,406 INFO    MainThread:1630 [wandb_run.py:_atexit_cleanup():1207] got exitcode: 0
2021-01-08 14:56:07,408 INFO    MainThread:1630 [wandb_run.py:_restore():1179] restore
2021-01-08 14:56:07,408 INFO    MainThread:1630 [redirect.py:uninstall():223] uninstall start
2021-01-08 14:56:07,408 INFO    MainThread:1630 [redirect.py:_stop():278] _stop: stdout
2021-01-08 14:56:07,409 INFO    MainThread:1630 [redirect.py:_stop():284] _stop closed: stdout
2021-01-08 14:56:07,409 INFO    stdout    :1630 [redirect.py:_pipe_relay():120] relay done saw last write: stdout
2021-01-08 14:56:07,409 INFO    stdout    :1630 [redirect.py:_pipe_relay():136] relay done done: stdout
2021-01-08 14:56:07,409 INFO    MainThread:1630 [redirect.py:_stop():290] _stop joined: stdout
2021-01-08 14:56:07,409 INFO    MainThread:1630 [redirect.py:_stop():292] _stop rd closed: stdout
2021-01-08 14:56:07,409 INFO    MainThread:1630 [redirect.py:uninstall():227] uninstall done
2021-01-08 14:56:07,409 INFO    MainThread:1630 [redirect.py:uninstall():223] uninstall start
2021-01-08 14:56:07,409 INFO    MainThread:1630 [redirect.py:_stop():278] _stop: stderr
2021-01-08 14:56:07,409 INFO    MainThread:1630 [redirect.py:_stop():284] _stop closed: stderr
2021-01-08 14:56:07,409 INFO    stderr    :1630 [redirect.py:_pipe_relay():120] relay done saw last write: stderr
2021-01-08 14:56:07,410 INFO    stderr    :1630 [redirect.py:_pipe_relay():136] relay done done: stderr
2021-01-08 14:56:07,410 INFO    MainThread:1630 [redirect.py:_stop():290] _stop joined: stderr
2021-01-08 14:56:07,410 INFO    MainThread:1630 [redirect.py:_stop():292] _stop rd closed: stderr
2021-01-08 14:56:07,410 INFO    MainThread:1630 [redirect.py:uninstall():227] uninstall done
2021-01-08 14:56:07,426 INFO    MainThread:1630 [wandb_run.py:_wait_for_finish():1324] got exit ret: uuid: "0f4e0f53154f4bb3aa9dd1b87a5aa07e"

2021-01-08 14:56:09,430 INFO    MainThread:1630 [wandb_run.py:_wait_for_finish():1324] got exit ret: uuid: "844c77266bcc4e83891bfe58fb5e8c13"
response {
  poll_exit_response {
    done: true
    exit_result {
    }
  }
}

2021-01-08 14:56:10,514 INFO    MainThread:1630 [wandb_run.py:_show_summary():1469] rendering summary
2021-01-08 14:56:10,515 INFO    MainThread:1630 [wandb_run.py:_show_history():1507] rendering history
2021-01-08 14:56:10,518 INFO    MainThread:1630 [internal.py:handle_exit():138] Internal process exited
